<component name="libraryTable">
  <library name="junit-4.11">
    <CLASSES>
      <root url="jar://$PROJECT_DIR$/../java-advanced-2016/lib/junit-4.11.jar!/" />
      <root url="jar://$PROJECT_DIR$/../java-advanced-2016/lib/hamcrest-core-1.3.jar!/" />
    </CLASSES>
    <JAVADOC />
    <SOURCES />
  </library>
</component>